WARNING:werkzeug: * Debugger is active!
INFO:werkzeug: * Debugger PIN: 552-493-818
INFO:werkzeug:127.0.0.1 - - [03/Nov/2023 07:06:49] "GET /favicon.ico HTTP/1.1" 200 -
INFO:sqlalchemy.engine.Engine:SELECT DATABASE()
INFO:sqlalchemy.engine.Engine:[raw sql] ()
INFO:sqlalchemy.engine.Engine:SELECT @@sql_mode
INFO:sqlalchemy.engine.Engine:[raw sql] ()
INFO:sqlalchemy.engine.Engine:SELECT @@lower_case_table_names
INFO:sqlalchemy.engine.Engine:[raw sql] ()
INFO:sqlalchemy.engine.Engine:BEGIN (implicit)
INFO:sqlalchemy.engine.Engine:SELECT projects.user_id AS projects_user_id, projects.campaign_name AS projects_campaign_name, projects.description AS projects_description, projects.target_amount AS projects_target_amount, projects.current_amount AS projects_current_amount, projects.start_date AS projects_start_date, projects.project_picture AS projects_project_picture, projects.end_date AS projects_end_date, projects.category AS projects_category, projects.amount_left AS projects_amount_left, projects.status AS projects_status, projects.id AS projects_id, projects.created_at AS projects_created_at, projects.updated_at AS projects_updated_at 
FROM projects ORDER BY projects.created_at DESC
INFO:sqlalchemy.engine.Engine:[generated in 0.00016s] ()
INFO:sqlalchemy.engine.Engine:SELECT users.username AS users_username, users.email AS users_email, users.password AS users_password, users.first_name AS users_first_name, users.middle_name AS users_middle_name, users.last_name AS users_last_name, users.gender AS users_gender, users.birthday AS users_birthday, users.address AS users_address, users.phone_number AS users_phone_number, users.profile_picture AS users_profile_picture, users.verified AS users_verified, users.verification_code AS users_verification_code, users.verification_expires_at AS users_verification_expires_at, users.id AS users_id, users.created_at AS users_created_at, users.updated_at AS users_updated_at 
FROM users 
WHERE users.id = %s
INFO:sqlalchemy.engine.Engine:[generated in 0.00018s] ('063b5895-9fec-423e-aa75-9367779179c0',)
INFO:sqlalchemy.engine.Engine:ROLLBACK
INFO:werkzeug:127.0.0.1 - - [03/Nov/2023 07:06:51] "GET / HTTP/1.1" 200 -
INFO:werkzeug:127.0.0.1 - - [03/Nov/2023 07:06:51] "GET /static/assets/img/favicon.png HTTP/1.1" 200 -
INFO:werkzeug:127.0.0.1 - - [03/Nov/2023 07:06:56] "[36mGET /static/new_assets/img/1.jpg HTTP/1.1[0m" 304 -
